[29-Oct-2022 23:19:25 UTC] PHP Warning:  "continue" targeting switch is equivalent to "break". Did you mean to use "continue 2"? in /var/www/html/libraries/htmlpurifier/library/HTMLPurifier/ChildDef/Table.php on line 111
[29-Oct-2022 23:19:25 UTC] PHP Warning:  "continue" targeting switch is equivalent to "break". Did you mean to use "continue 2"? in /var/www/html/libraries/htmlpurifier/library/HTMLPurifier/ChildDef/Table.php on line 117
[29-Oct-2022 23:19:26 UTC] PHP Warning:  "continue" targeting switch is equivalent to "break". Did you mean to use "continue 2"? in /var/www/html/libraries/htmlpurifier/library/HTMLPurifier/ChildDef/Table.php on line 111
[29-Oct-2022 23:19:26 UTC] PHP Warning:  "continue" targeting switch is equivalent to "break". Did you mean to use "continue 2"? in /var/www/html/libraries/htmlpurifier/library/HTMLPurifier/ChildDef/Table.php on line 117
[29-Oct-2022 23:19:29 UTC] PHP Warning:  "continue" targeting switch is equivalent to "break". Did you mean to use "continue 2"? in /var/www/html/libraries/htmlpurifier/library/HTMLPurifier/ChildDef/Table.php on line 111
[29-Oct-2022 23:19:29 UTC] PHP Warning:  "continue" targeting switch is equivalent to "break". Did you mean to use "continue 2"? in /var/www/html/libraries/htmlpurifier/library/HTMLPurifier/ChildDef/Table.php on line 117
[29-Oct-2022 23:19:30 UTC] PHP Warning:  "continue" targeting switch is equivalent to "break". Did you mean to use "continue 2"? in /var/www/html/libraries/htmlpurifier/library/HTMLPurifier/ChildDef/Table.php on line 111
[29-Oct-2022 23:19:30 UTC] PHP Warning:  "continue" targeting switch is equivalent to "break". Did you mean to use "continue 2"? in /var/www/html/libraries/htmlpurifier/library/HTMLPurifier/ChildDef/Table.php on line 117
[29-Oct-2022 23:19:33 UTC] PHP Warning:  "continue" targeting switch is equivalent to "break". Did you mean to use "continue 2"? in /var/www/html/libraries/htmlpurifier/library/HTMLPurifier/ChildDef/Table.php on line 111
[29-Oct-2022 23:19:33 UTC] PHP Warning:  "continue" targeting switch is equivalent to "break". Did you mean to use "continue 2"? in /var/www/html/libraries/htmlpurifier/library/HTMLPurifier/ChildDef/Table.php on line 117
[29-Oct-2022 23:19:34 UTC] PHP Warning:  "continue" targeting switch is equivalent to "break". Did you mean to use "continue 2"? in /var/www/html/libraries/htmlpurifier/library/HTMLPurifier/ChildDef/Table.php on line 111
[29-Oct-2022 23:19:34 UTC] PHP Warning:  "continue" targeting switch is equivalent to "break". Did you mean to use "continue 2"? in /var/www/html/libraries/htmlpurifier/library/HTMLPurifier/ChildDef/Table.php on line 117
[29-Oct-2022 23:19:38 UTC] PHP Warning:  "continue" targeting switch is equivalent to "break". Did you mean to use "continue 2"? in /var/www/html/libraries/htmlpurifier/library/HTMLPurifier/ChildDef/Table.php on line 111
[29-Oct-2022 23:19:38 UTC] PHP Warning:  "continue" targeting switch is equivalent to "break". Did you mean to use "continue 2"? in /var/www/html/libraries/htmlpurifier/library/HTMLPurifier/ChildDef/Table.php on line 117
[29-Oct-2022 23:19:39 UTC] PHP Warning:  "continue" targeting switch is equivalent to "break". Did you mean to use "continue 2"? in /var/www/html/libraries/htmlpurifier/library/HTMLPurifier/ChildDef/Table.php on line 111
[29-Oct-2022 23:19:39 UTC] PHP Warning:  "continue" targeting switch is equivalent to "break". Did you mean to use "continue 2"? in /var/www/html/libraries/htmlpurifier/library/HTMLPurifier/ChildDef/Table.php on line 117
[29-Oct-2022 23:20:23 UTC] PHP Warning:  "continue" targeting switch is equivalent to "break". Did you mean to use "continue 2"? in /var/www/html/libraries/htmlpurifier/library/HTMLPurifier/ChildDef/Table.php on line 111
[29-Oct-2022 23:20:23 UTC] PHP Warning:  "continue" targeting switch is equivalent to "break". Did you mean to use "continue 2"? in /var/www/html/libraries/htmlpurifier/library/HTMLPurifier/ChildDef/Table.php on line 117
[29-Oct-2022 23:20:29 UTC] PHP Warning:  "continue" targeting switch is equivalent to "break". Did you mean to use "continue 2"? in /var/www/html/libraries/htmlpurifier/library/HTMLPurifier/ChildDef/Table.php on line 111
[29-Oct-2022 23:20:29 UTC] PHP Warning:  "continue" targeting switch is equivalent to "break". Did you mean to use "continue 2"? in /var/www/html/libraries/htmlpurifier/library/HTMLPurifier/ChildDef/Table.php on line 117
[29-Oct-2022 23:20:39 UTC] PHP Warning:  "continue" targeting switch is equivalent to "break". Did you mean to use "continue 2"? in /var/www/html/libraries/htmlpurifier/library/HTMLPurifier/ChildDef/Table.php on line 111
[29-Oct-2022 23:20:39 UTC] PHP Warning:  "continue" targeting switch is equivalent to "break". Did you mean to use "continue 2"? in /var/www/html/libraries/htmlpurifier/library/HTMLPurifier/ChildDef/Table.php on line 117
[29-Oct-2022 23:20:39 UTC] PHP Warning:  "continue" targeting switch is equivalent to "break". Did you mean to use "continue 2"? in /var/www/html/libraries/htmlpurifier/library/HTMLPurifier/ChildDef/Table.php on line 111
[29-Oct-2022 23:20:39 UTC] PHP Warning:  "continue" targeting switch is equivalent to "break". Did you mean to use "continue 2"? in /var/www/html/libraries/htmlpurifier/library/HTMLPurifier/ChildDef/Table.php on line 117
[29-Oct-2022 23:21:01 UTC] PHP Warning:  "continue" targeting switch is equivalent to "break". Did you mean to use "continue 2"? in /var/www/html/libraries/htmlpurifier/library/HTMLPurifier/ChildDef/Table.php on line 111
[29-Oct-2022 23:21:01 UTC] PHP Warning:  "continue" targeting switch is equivalent to "break". Did you mean to use "continue 2"? in /var/www/html/libraries/htmlpurifier/library/HTMLPurifier/ChildDef/Table.php on line 117
[29-Oct-2022 23:21:07 UTC] PHP Warning:  "continue" targeting switch is equivalent to "break". Did you mean to use "continue 2"? in /var/www/html/libraries/htmlpurifier/library/HTMLPurifier/ChildDef/Table.php on line 111
[29-Oct-2022 23:21:07 UTC] PHP Warning:  "continue" targeting switch is equivalent to "break". Did you mean to use "continue 2"? in /var/www/html/libraries/htmlpurifier/library/HTMLPurifier/ChildDef/Table.php on line 117
[29-Oct-2022 23:21:17 UTC] PHP Warning:  "continue" targeting switch is equivalent to "break". Did you mean to use "continue 2"? in /var/www/html/libraries/htmlpurifier/library/HTMLPurifier/ChildDef/Table.php on line 111
[29-Oct-2022 23:21:17 UTC] PHP Warning:  "continue" targeting switch is equivalent to "break". Did you mean to use "continue 2"? in /var/www/html/libraries/htmlpurifier/library/HTMLPurifier/ChildDef/Table.php on line 117
[29-Oct-2022 23:21:18 UTC] PHP Warning:  "continue" targeting switch is equivalent to "break". Did you mean to use "continue 2"? in /var/www/html/libraries/htmlpurifier/library/HTMLPurifier/ChildDef/Table.php on line 111
[29-Oct-2022 23:21:18 UTC] PHP Warning:  "continue" targeting switch is equivalent to "break". Did you mean to use "continue 2"? in /var/www/html/libraries/htmlpurifier/library/HTMLPurifier/ChildDef/Table.php on line 117
[29-Oct-2022 23:21:59 UTC] PHP Warning:  "continue" targeting switch is equivalent to "break". Did you mean to use "continue 2"? in /var/www/html/libraries/htmlpurifier/library/HTMLPurifier/ChildDef/Table.php on line 111
[29-Oct-2022 23:21:59 UTC] PHP Warning:  "continue" targeting switch is equivalent to "break". Did you mean to use "continue 2"? in /var/www/html/libraries/htmlpurifier/library/HTMLPurifier/ChildDef/Table.php on line 117
[29-Oct-2022 23:22:00 UTC] PHP Warning:  "continue" targeting switch is equivalent to "break". Did you mean to use "continue 2"? in /var/www/html/libraries/htmlpurifier/library/HTMLPurifier/ChildDef/Table.php on line 111
[29-Oct-2022 23:22:00 UTC] PHP Warning:  "continue" targeting switch is equivalent to "break". Did you mean to use "continue 2"? in /var/www/html/libraries/htmlpurifier/library/HTMLPurifier/ChildDef/Table.php on line 117
[29-Oct-2022 23:22:06 UTC] PHP Warning:  "continue" targeting switch is equivalent to "break". Did you mean to use "continue 2"? in /var/www/html/libraries/htmlpurifier/library/HTMLPurifier/ChildDef/Table.php on line 111
[29-Oct-2022 23:22:06 UTC] PHP Warning:  "continue" targeting switch is equivalent to "break". Did you mean to use "continue 2"? in /var/www/html/libraries/htmlpurifier/library/HTMLPurifier/ChildDef/Table.php on line 117
[29-Oct-2022 23:22:07 UTC] PHP Warning:  "continue" targeting switch is equivalent to "break". Did you mean to use "continue 2"? in /var/www/html/libraries/htmlpurifier/library/HTMLPurifier/ChildDef/Table.php on line 111
[29-Oct-2022 23:22:07 UTC] PHP Warning:  "continue" targeting switch is equivalent to "break". Did you mean to use "continue 2"? in /var/www/html/libraries/htmlpurifier/library/HTMLPurifier/ChildDef/Table.php on line 117
[29-Oct-2022 23:22:16 UTC] PHP Warning:  "continue" targeting switch is equivalent to "break". Did you mean to use "continue 2"? in /var/www/html/libraries/htmlpurifier/library/HTMLPurifier/ChildDef/Table.php on line 111
[29-Oct-2022 23:22:16 UTC] PHP Warning:  "continue" targeting switch is equivalent to "break". Did you mean to use "continue 2"? in /var/www/html/libraries/htmlpurifier/library/HTMLPurifier/ChildDef/Table.php on line 117
[30-Oct-2022 00:23:21 Europe/London] PHP Warning:  Declaration of Migration_Module_Model::getInstance() should be compatible with Vtiger_Module_Model::getInstance($value) in /var/www/html/modules/Migration/models/Module.php on line 79
[30-Oct-2022 00:23:31 Europe/London] PHP Warning:  Declaration of VTSendNotificationTask::getContents($entity) should be compatible with VTEmailTask::getContents($entity, $entityCache = false) in /var/www/html/modules/com_vtiger_workflow/tasks/VTSendNotificationTask.inc on line 126
[30-Oct-2022 00:23:31 Europe/London] PHP Warning:  Declaration of Portal_Module_Model::saveRecord($recordId, $bookmarkName, $bookmarkUrl) should be compatible with Vtiger_Module_Model::saveRecord(Vtiger_Record_Model $recordModel) in /var/www/html/modules/Portal/models/Module.php on line 111
[30-Oct-2022 00:23:31 Europe/London] PHP Warning:  Declaration of Activity::get_full_list($criteria) should be compatible with CRMEntity::get_full_list($order_by = '', $where = '') in /var/www/html/modules/Calendar/Activity.php on line 1174
[30-Oct-2022 00:23:35 Europe/London] PHP Warning:  Declaration of Settings_Workflows_Record_Model::getInstance($workflowId) should be compatible with Settings_Vtiger_Record_Model::getInstance($name = 'Settings:V...') in /var/www/html/modules/Settings/Workflows/models/Record.php on line 17
